<?xml version="1.0" encoding="UTF-8"?>
<coverage generated="1729729224439" clover="3.2.0">
  <project timestamp="1729729224439" name="All files">
    <metrics statements="6" coveredstatements="2" conditionals="2" coveredconditionals="1" methods="1" coveredmethods="1" elements="9" coveredelements="4" complexity="0" loc="6" ncloc="6" packages="1" files="1" classes="1"/>
    <file name="greet.js" path="C:\repo\greet\greet.js">
      <metrics statements="6" coveredstatements="2" conditionals="2" coveredconditionals="1" methods="1" coveredmethods="1"/>
      <line num="5" count="3" type="stmt"/>
      <line num="9" count="1" type="cond" truecount="1" falsecount="1"/>
      <line num="10" count="0" type="stmt"/>
      <line num="11" count="0" type="stmt"/>
      <line num="12" count="0" type="stmt"/>
      <line num="13" count="0" type="stmt"/>
    </file>
  </project>
</coverage>
