{"C:\\repo\\greet\\greet.js": {"path":"C:\\repo\\greet\\greet.js","statementMap":{"0":{"start":{"line":5,"column":4},"end":{"line":5,"column":35}},"1":{"start":{"line":9,"column":0},"end":{"line":14,"column":1}},"2":{"start":{"line":10,"column":17},"end":{"line":10,"column":38}},"3":{"start":{"line":11,"column":17},"end":{"line":11,"column":24}},"4":{"start":{"line":12,"column":21},"end":{"line":12,"column":28}},"5":{"start":{"line":13,"column":4},"end":{"line":13,"column":39}}},"fnMap":{"0":{"name":"greet","decl":{"start":{"line":4,"column":16},"end":{"line":4,"column":21}},"loc":{"start":{"line":4,"column":38},"end":{"line":6,"column":1}},"line":4}},"branchMap":{"0":{"loc":{"start":{"line":9,"column":0},"end":{"line":14,"column":1}},"type":"if","locations":[{"start":{"line":9,"column":0},"end":{"line":14,"column":1}},{"start":{},"end":{}}],"line":9}},"s":{"0":3,"1":1,"2":0,"3":0,"4":0,"5":0},"f":{"0":3},"b":{"0":[0,1]},"_coverageSchema":"1a1c01bbd47fc00a2c39e90264f33305004495a9","hash":"2e5735e8497b83731af848493af4e4b9c85fee3f"}
}
